<?xml version="1.0" encoding="UTF-8"?>
<coverage generated="1488553543">
  <project timestamp="1488553543">
    <package name="App\Console">
      <file name="/home/pedro/Code/Todos/TodosBackend/app/Console/Kernel.php">
        <class name="Kernel" namespace="App\Console" fullPackage="App" package="App">
          <metrics complexity="2" methods="2" coveredmethods="2" conditionals="0" coveredconditionals="0" statements="3" coveredstatements="3" elements="5" coveredelements="5"/>
        </class>
        <line num="30" type="method" name="schedule" visibility="protected" complexity="1" crap="1" count="14"/>
        <line num="34" type="stmt" count="14"/>
        <line num="41" type="method" name="commands" visibility="protected" complexity="1" crap="1" count="14"/>
        <line num="43" type="stmt" count="14"/>
        <line num="44" type="stmt" count="14"/>
        <metrics loc="45" ncloc="18" classes="1" methods="2" coveredmethods="2" conditionals="0" coveredconditionals="0" statements="3" coveredstatements="3" elements="5" coveredelements="5"/>
      </file>
    </package>
    <package name="App\Exceptions">
      <file name="/home/pedro/Code/Todos/TodosBackend/app/Exceptions/Handler.php">
        <class name="Handler" namespace="App\Exceptions" fullPackage="App" package="App">
          <metrics complexity="8" methods="3" coveredmethods="1" conditionals="0" coveredconditionals="0" statements="30" coveredstatements="15" elements="33" coveredelements="16"/>
        </class>
        <line num="44" type="method" name="report" visibility="public" complexity="1" crap="1" count="5"/>
        <line num="46" type="stmt" count="5"/>
        <line num="47" type="stmt" count="5"/>
        <line num="57" type="method" name="render" visibility="public" complexity="5" crap="7.76" count="5"/>
        <line num="59" type="stmt" count="5"/>
        <line num="60" type="stmt" count="3"/>
        <line num="61" type="stmt" count="3"/>
        <line num="62" type="stmt" count="3"/>
        <line num="63" type="stmt" count="3"/>
        <line num="64" type="stmt" count="3"/>
        <line num="66" type="stmt" count="2"/>
        <line num="67" type="stmt" count="0"/>
        <line num="68" type="stmt" count="0"/>
        <line num="69" type="stmt" count="0"/>
        <line num="70" type="stmt" count="0"/>
        <line num="71" type="stmt" count="0"/>
        <line num="73" type="stmt" count="2"/>
        <line num="74" type="stmt" count="2"/>
        <line num="75" type="stmt" count="2"/>
        <line num="76" type="stmt" count="2"/>
        <line num="77" type="stmt" count="2"/>
        <line num="78" type="stmt" count="2"/>
        <line num="80" type="stmt" count="0"/>
        <line num="81" type="stmt" count="0"/>
        <line num="82" type="stmt" count="0"/>
        <line num="83" type="stmt" count="0"/>
        <line num="84" type="stmt" count="0"/>
        <line num="85" type="stmt" count="0"/>
        <line num="87" type="stmt" count="0"/>
        <line num="99" type="method" name="unauthenticated" visibility="protected" complexity="2" crap="6" count="0"/>
        <line num="101" type="stmt" count="0"/>
        <line num="102" type="stmt" count="0"/>
        <line num="105" type="stmt" count="0"/>
        <metrics loc="107" ncloc="72" classes="1" methods="3" coveredmethods="1" conditionals="0" coveredconditionals="0" statements="30" coveredstatements="15" elements="33" coveredelements="16"/>
      </file>
      <file name="/home/pedro/Code/Todos/TodosBackend/app/Exceptions/IncorrectModelException.php">
        <class name="IncorrectModelException" namespace="App\Exceptions" fullPackage="App" package="App">
          <metrics complexity="0" methods="0" coveredmethods="0" conditionals="0" coveredconditionals="0" statements="0" coveredstatements="0" elements="0" coveredelements="0"/>
        </class>
        <metrics loc="16" ncloc="6" classes="0" methods="0" coveredmethods="0" conditionals="0" coveredconditionals="0" statements="0" coveredstatements="0" elements="0" coveredelements="0"/>
      </file>
    </package>
    <package name="App\Http\Controllers\Auth">
      <file name="/home/pedro/Code/Todos/TodosBackend/app/Http/Controllers/Auth/ForgotPasswordController.php">
        <class name="ForgotPasswordController" namespace="App\Http\Controllers\Auth">
          <metrics complexity="2" methods="2" coveredmethods="0" conditionals="0" coveredconditionals="0" statements="3" coveredstatements="0" elements="5" coveredelements="0"/>
        </class>
        <line num="28" type="method" name="showLinkRequestForm" visibility="public" complexity="1" crap="2" count="0"/>
        <line num="30" type="stmt" count="0"/>
        <line num="37" type="method" name="__construct" visibility="public" complexity="1" crap="2" count="0"/>
        <line num="39" type="stmt" count="0"/>
        <line num="40" type="stmt" count="0"/>
        <metrics loc="41" ncloc="22" classes="1" methods="2" coveredmethods="0" conditionals="0" coveredconditionals="0" statements="3" coveredstatements="0" elements="5" coveredelements="0"/>
      </file>
      <file name="/home/pedro/Code/Todos/TodosBackend/app/Http/Controllers/Auth/LoginController.php">
        <class name="LoginController" namespace="App\Http\Controllers\Auth">
          <metrics complexity="2" methods="2" coveredmethods="0" conditionals="0" coveredconditionals="0" statements="3" coveredstatements="0" elements="5" coveredelements="0"/>
        </class>
        <line num="28" type="method" name="showLoginForm" visibility="public" complexity="1" crap="2" count="0"/>
        <line num="30" type="stmt" count="0"/>
        <line num="44" type="method" name="__construct" visibility="public" complexity="1" crap="2" count="0"/>
        <line num="46" type="stmt" count="0"/>
        <line num="47" type="stmt" count="0"/>
        <metrics loc="48" ncloc="24" classes="1" methods="2" coveredmethods="0" conditionals="0" coveredconditionals="0" statements="3" coveredstatements="0" elements="5" coveredelements="0"/>
      </file>
      <file name="/home/pedro/Code/Todos/TodosBackend/app/Http/Controllers/Auth/RegisterController.php">
        <class name="RegisterController" namespace="App\Http\Controllers\Auth">
          <metrics complexity="4" methods="4" coveredmethods="0" conditionals="0" coveredconditionals="0" statements="10" coveredstatements="0" elements="14" coveredelements="0"/>
        </class>
        <line num="34" type="method" name="showRegistrationForm" visibility="public" complexity="1" crap="2" count="0"/>
        <line num="36" type="stmt" count="0"/>
        <line num="50" type="method" name="__construct" visibility="public" complexity="1" crap="2" count="0"/>
        <line num="52" type="stmt" count="0"/>
        <line num="53" type="stmt" count="0"/>
        <line num="61" type="method" name="validator" visibility="protected" complexity="1" crap="2" count="0"/>
        <line num="63" type="stmt" count="0"/>
        <line num="64" type="stmt" count="0"/>
        <line num="77" type="method" name="create" visibility="protected" complexity="1" crap="2" count="0"/>
        <line num="79" type="stmt" count="0"/>
        <line num="80" type="stmt" count="0"/>
        <line num="81" type="stmt" count="0"/>
        <line num="82" type="stmt" count="0"/>
        <line num="83" type="stmt" count="0"/>
        <metrics loc="86" ncloc="46" classes="1" methods="4" coveredmethods="0" conditionals="0" coveredconditionals="0" statements="10" coveredstatements="0" elements="14" coveredelements="0"/>
      </file>
      <file name="/home/pedro/Code/Todos/TodosBackend/app/Http/Controllers/Auth/ResetPasswordController.php">
        <class name="ResetPasswordController" namespace="App\Http\Controllers\Auth">
          <metrics complexity="2" methods="2" coveredmethods="0" conditionals="0" coveredconditionals="0" statements="4" coveredstatements="0" elements="6" coveredelements="0"/>
        </class>
        <line num="33" type="method" name="showResetForm" visibility="public" complexity="1" crap="2" count="0"/>
        <line num="35" type="stmt" count="0"/>
        <line num="36" type="stmt" count="0"/>
        <line num="44" type="method" name="__construct" visibility="public" complexity="1" crap="2" count="0"/>
        <line num="46" type="stmt" count="0"/>
        <line num="47" type="stmt" count="0"/>
        <metrics loc="48" ncloc="25" classes="1" methods="2" coveredmethods="0" conditionals="0" coveredconditionals="0" statements="4" coveredstatements="0" elements="6" coveredelements="0"/>
      </file>
    </package>
    <package name="App\Http\Controllers">
      <file name="/home/pedro/Code/Todos/TodosBackend/app/Http/Controllers/Controller.php">
        <class name="Controller" namespace="App\Http\Controllers" fullPackage="App" package="App">
          <metrics complexity="6" methods="5" coveredmethods="3" conditionals="0" coveredconditionals="0" statements="18" coveredstatements="14" elements="23" coveredelements="17"/>
        </class>
        <line num="28" type="method" name="__construct" visibility="public" complexity="1" crap="1" count="9"/>
        <line num="30" type="stmt" count="9"/>
        <line num="31" type="stmt" count="9"/>
        <line num="39" type="method" name="generatePaginatedResponse" visibility="protected" complexity="1" crap="1" count="1"/>
        <line num="41" type="stmt" count="1"/>
        <line num="44" type="stmt" count="1"/>
        <line num="48" type="stmt" count="1"/>
        <line num="57" type="method" name="generatePaginationData" visibility="protected" complexity="1" crap="1" count="1"/>
        <line num="61" type="stmt" count="1"/>
        <line num="62" type="stmt" count="1"/>
        <line num="63" type="stmt" count="1"/>
        <line num="64" type="stmt" count="1"/>
        <line num="65" type="stmt" count="1"/>
        <line num="66" type="stmt" count="1"/>
        <line num="67" type="stmt" count="1"/>
        <line num="68" type="stmt" count="1"/>
        <line num="71" type="stmt" count="1"/>
        <line num="74" type="method" name="transform" visibility="protected" complexity="1" crap="2" count="0"/>
        <line num="77" type="stmt" count="0"/>
        <line num="78" type="stmt" count="0"/>
        <line num="79" type="stmt" count="0"/>
        <line num="92" type="method" name="anonymous function" complexity="1" crap="2" count="0"/>
        <line num="94" type="stmt" count="0"/>
        <metrics loc="96" ncloc="68" classes="1" methods="5" coveredmethods="3" conditionals="0" coveredconditionals="0" statements="18" coveredstatements="14" elements="23" coveredelements="17"/>
      </file>
      <file name="/home/pedro/Code/Todos/TodosBackend/app/Http/Controllers/HomeController.php">
        <class name="HomeController" namespace="App\Http\Controllers" fullPackage="App" package="App">
          <metrics complexity="2" methods="0" coveredmethods="0" conditionals="0" coveredconditionals="0" statements="0" coveredstatements="0" elements="0" coveredelements="0"/>
        </class>
        <metrics loc="36" ncloc="19" classes="0" methods="0" coveredmethods="0" conditionals="0" coveredconditionals="0" statements="0" coveredstatements="0" elements="0" coveredelements="0"/>
      </file>
      <file name="/home/pedro/Code/Todos/TodosBackend/app/Http/Controllers/Taskscontroller.php">
        <class name="TasksController" namespace="App\Http\Controllers">
          <metrics complexity="9" methods="6" coveredmethods="6" conditionals="0" coveredconditionals="0" statements="22" coveredstatements="22" elements="28" coveredelements="28"/>
        </class>
        <line num="38" type="method" name="__construct" visibility="public" complexity="1" crap="1" count="9"/>
        <line num="41" type="stmt" count="9"/>
        <line num="43" type="stmt" count="9"/>
        <line num="44" type="stmt" count="9"/>
        <line num="49" type="method" name="index" visibility="public" complexity="1" crap="1" count="1"/>
        <line num="57" type="stmt" count="1"/>
        <line num="58" type="stmt" count="1"/>
        <line num="78" type="method" name="store" visibility="public" complexity="2" crap="2" count="1"/>
        <line num="80" type="stmt" count="1"/>
        <line num="83" type="stmt" count="1"/>
        <line num="85" type="stmt" count="1"/>
        <line num="86" type="stmt" count="1"/>
        <line num="87" type="stmt" count="1"/>
        <line num="88" type="stmt" count="1"/>
        <line num="89" type="stmt" count="1"/>
        <line num="99" type="method" name="show" visibility="public" complexity="1" crap="1" count="3"/>
        <line num="104" type="stmt" count="3"/>
        <line num="106" type="stmt" count="2"/>
        <line num="129" type="method" name="update" visibility="public" complexity="1" crap="1" count="2"/>
        <line num="132" type="stmt" count="2"/>
        <line num="136" type="stmt" count="1"/>
        <line num="137" type="stmt" count="1"/>
        <line num="140" type="stmt" count="1"/>
        <line num="150" type="method" name="destroy" visibility="public" complexity="1" crap="1" count="2"/>
        <line num="152" type="stmt" count="2"/>
        <line num="154" type="stmt" count="1"/>
        <line num="155" type="stmt" count="1"/>
        <line num="158" type="stmt" count="1"/>
        <metrics loc="160" ncloc="77" classes="1" methods="6" coveredmethods="6" conditionals="0" coveredconditionals="0" statements="22" coveredstatements="22" elements="28" coveredelements="28"/>
      </file>
      <file name="/home/pedro/Code/Todos/TodosBackend/app/Http/Controllers/UserTaskController.php">
        <class name="UserTaskController" namespace="App\Http\Controllers" fullPackage="App" package="App">
          <metrics complexity="8" methods="0" coveredmethods="0" conditionals="0" coveredconditionals="0" statements="0" coveredstatements="0" elements="0" coveredelements="0"/>
        </class>
        <metrics loc="134" ncloc="86" classes="0" methods="0" coveredmethods="0" conditionals="0" coveredconditionals="0" statements="0" coveredstatements="0" elements="0" coveredelements="0"/>
      </file>
      <file name="/home/pedro/Code/Todos/TodosBackend/app/Http/Controllers/UsersController.php">
        <class name="UsersController" namespace="App\Http\Controllers">
          <metrics complexity="8" methods="0" coveredmethods="0" conditionals="0" coveredconditionals="0" statements="0" coveredstatements="0" elements="0" coveredelements="0"/>
        </class>
        <metrics loc="126" ncloc="66" classes="0" methods="0" coveredmethods="0" conditionals="0" coveredconditionals="0" statements="0" coveredstatements="0" elements="0" coveredelements="0"/>
      </file>
    </package>
    <package name="App\Http">
      <file name="/home/pedro/Code/Todos/TodosBackend/app/Http/Kernel.php">
        <class name="Kernel" namespace="App\Http" fullPackage="App" package="App">
          <metrics complexity="0" methods="0" coveredmethods="0" conditionals="0" coveredconditionals="0" statements="0" coveredstatements="0" elements="0" coveredelements="0"/>
        </class>
        <metrics loc="60" ncloc="34" classes="0" methods="0" coveredmethods="0" conditionals="0" coveredconditionals="0" statements="0" coveredstatements="0" elements="0" coveredelements="0"/>
      </file>
    </package>
    <package name="App\Http\Middleware">
      <file name="/home/pedro/Code/Todos/TodosBackend/app/Http/Middleware/EncryptCookies.php">
        <class name="EncryptCookies" namespace="App\Http\Middleware" fullPackage="App" package="App">
          <metrics complexity="0" methods="0" coveredmethods="0" conditionals="0" coveredconditionals="0" statements="0" coveredstatements="0" elements="0" coveredelements="0"/>
        </class>
        <metrics loc="21" ncloc="10" classes="0" methods="0" coveredmethods="0" conditionals="0" coveredconditionals="0" statements="0" coveredstatements="0" elements="0" coveredelements="0"/>
      </file>
      <file name="/home/pedro/Code/Todos/TodosBackend/app/Http/Middleware/RedirectIfAuthenticated.php">
        <class name="RedirectIfAuthenticated" namespace="App\Http\Middleware" fullPackage="App" package="App">
          <metrics complexity="2" methods="1" coveredmethods="0" conditionals="0" coveredconditionals="0" statements="3" coveredstatements="0" elements="4" coveredelements="0"/>
        </class>
        <line num="23" type="method" name="handle" visibility="public" complexity="2" crap="6" count="0"/>
        <line num="25" type="stmt" count="0"/>
        <line num="26" type="stmt" count="0"/>
        <line num="29" type="stmt" count="0"/>
        <metrics loc="31" ncloc="18" classes="1" methods="1" coveredmethods="0" conditionals="0" coveredconditionals="0" statements="3" coveredstatements="0" elements="4" coveredelements="0"/>
      </file>
      <file name="/home/pedro/Code/Todos/TodosBackend/app/Http/Middleware/VerifyCsrfToken.php">
        <class name="VerifyCsrfToken" namespace="App\Http\Middleware" fullPackage="App" package="App">
          <metrics complexity="0" methods="0" coveredmethods="0" conditionals="0" coveredconditionals="0" statements="0" coveredstatements="0" elements="0" coveredelements="0"/>
        </class>
        <metrics loc="21" ncloc="10" classes="0" methods="0" coveredmethods="0" conditionals="0" coveredconditionals="0" statements="0" coveredstatements="0" elements="0" coveredelements="0"/>
      </file>
    </package>
    <package name="App\Policies">
      <file name="/home/pedro/Code/Todos/TodosBackend/app/Policies/BasePolicy.php">
        <class name="BasePolicy" namespace="App\Policies" fullPackage="App" package="App">
          <metrics complexity="11" methods="5" coveredmethods="0" conditionals="0" coveredconditionals="0" statements="10" coveredstatements="0" elements="15" coveredelements="0"/>
        </class>
        <line num="38" type="method" name="show" visibility="public" complexity="2" crap="6" count="0"/>
        <line num="40" type="stmt" count="0"/>
        <line num="41" type="stmt" count="0"/>
        <line num="44" type="method" name="view" visibility="public" complexity="2" crap="6" count="0"/>
        <line num="46" type="stmt" count="0"/>
        <line num="47" type="stmt" count="0"/>
        <line num="64" type="method" name="create" visibility="public" complexity="2" crap="6" count="0"/>
        <line num="66" type="stmt" count="0"/>
        <line num="67" type="stmt" count="0"/>
        <line num="84" type="method" name="update" visibility="public" complexity="2" crap="6" count="0"/>
        <line num="86" type="stmt" count="0"/>
        <line num="87" type="stmt" count="0"/>
        <line num="103" type="method" name="delete" visibility="public" complexity="2" crap="6" count="0"/>
        <line num="105" type="stmt" count="0"/>
        <line num="106" type="stmt" count="0"/>
        <metrics loc="108" ncloc="29" classes="1" methods="5" coveredmethods="0" conditionals="0" coveredconditionals="0" statements="10" coveredstatements="0" elements="15" coveredelements="0"/>
      </file>
      <file name="/home/pedro/Code/Todos/TodosBackend/app/Policies/HasAdmin.php">
        <class name="HasAdmin" namespace="App\Policies" fullPackage="App" package="App">
          <metrics complexity="2" methods="1" coveredmethods="0" conditionals="0" coveredconditionals="0" statements="2" coveredstatements="0" elements="3" coveredelements="0"/>
        </class>
        <line num="23" type="method" name="before" visibility="public" complexity="2" crap="6" count="0"/>
        <line num="25" type="stmt" count="0"/>
        <line num="26" type="stmt" count="0"/>
        <metrics loc="28" ncloc="13" classes="1" methods="1" coveredmethods="0" conditionals="0" coveredconditionals="0" statements="2" coveredstatements="0" elements="3" coveredelements="0"/>
      </file>
      <file name="/home/pedro/Code/Todos/TodosBackend/app/Policies/TaskPolicy.php">
        <class name="TaskPolicy" namespace="App\Policies" fullPackage="App" package="App">
          <metrics complexity="1" methods="1" coveredmethods="0" conditionals="0" coveredconditionals="0" statements="1" coveredstatements="0" elements="2" coveredelements="0"/>
        </class>
        <line num="19" type="method" name="model" visibility="protected" complexity="1" crap="2" count="0"/>
        <line num="21" type="stmt" count="0"/>
        <metrics loc="25" ncloc="18" classes="1" methods="1" coveredmethods="0" conditionals="0" coveredconditionals="0" statements="1" coveredstatements="0" elements="2" coveredelements="0"/>
      </file>
      <file name="/home/pedro/Code/Todos/TodosBackend/app/Policies/UserPolicy.php">
        <class name="UserPolicy" namespace="App\Policies" fullPackage="App" package="App">
          <metrics complexity="1" methods="1" coveredmethods="0" conditionals="0" coveredconditionals="0" statements="1" coveredstatements="0" elements="2" coveredelements="0"/>
        </class>
        <line num="19" type="method" name="model" visibility="protected" complexity="1" crap="2" count="0"/>
        <line num="21" type="stmt" count="0"/>
        <metrics loc="25" ncloc="18" classes="1" methods="1" coveredmethods="0" conditionals="0" coveredconditionals="0" statements="1" coveredstatements="0" elements="2" coveredelements="0"/>
      </file>
    </package>
    <package name="App\Providers">
      <file name="/home/pedro/Code/Todos/TodosBackend/app/Providers/AppServiceProvider.php">
        <class name="AppServiceProvider" namespace="App\Providers" fullPackage="App" package="App">
          <metrics complexity="2" methods="2" coveredmethods="2" conditionals="0" coveredconditionals="0" statements="2" coveredstatements="2" elements="4" coveredelements="4"/>
        </class>
        <line num="18" type="method" name="boot" visibility="public" complexity="1" crap="1" count="14"/>
        <line num="21" type="stmt" count="14"/>
        <line num="28" type="method" name="register" visibility="public" complexity="1" crap="1" count="14"/>
        <line num="31" type="stmt" count="14"/>
        <metrics loc="32" ncloc="14" classes="1" methods="2" coveredmethods="2" conditionals="0" coveredconditionals="0" statements="2" coveredstatements="2" elements="4" coveredelements="4"/>
      </file>
      <file name="/home/pedro/Code/Todos/TodosBackend/app/Providers/AuthServiceProvider.php">
        <class name="AuthServiceProvider" namespace="App\Providers" fullPackage="App" package="App">
          <metrics complexity="3" methods="3" coveredmethods="3" conditionals="0" coveredconditionals="0" statements="8" coveredstatements="8" elements="11" coveredelements="11"/>
        </class>
        <line num="34" type="method" name="boot" visibility="public" complexity="1" crap="1" count="14"/>
        <line num="36" type="stmt" count="14"/>
        <line num="40" type="stmt" count="14"/>
        <line num="41" type="stmt" count="14"/>
        <line num="43" type="stmt" count="14"/>
        <line num="45" type="stmt" count="14"/>
        <line num="47" type="stmt" count="14"/>
        <line num="52" type="method" name="defineGates" visibility="private" complexity="1" crap="1" count="14"/>
        <line num="58" type="stmt" count="14"/>
        <line num="61" type="method" name="anonymous function" complexity="1" crap="1" count="14"/>
        <line num="65" type="stmt" count="14"/>
        <line num="103" type="stmt" count="14"/>
        <metrics loc="104" ncloc="9" classes="1" methods="3" coveredmethods="3" conditionals="0" coveredconditionals="0" statements="9" coveredstatements="9" elements="12" coveredelements="12"/>
      </file>
      <file name="/home/pedro/Code/Todos/TodosBackend/app/Providers/BroadcastServiceProvider.php">
        <class name="BroadcastServiceProvider" namespace="App\Providers" fullPackage="App" package="App">
          <metrics complexity="2" methods="0" coveredmethods="0" conditionals="0" coveredconditionals="0" statements="0" coveredstatements="0" elements="0" coveredelements="0"/>
        </class>
        <metrics loc="30" ncloc="18" classes="0" methods="0" coveredmethods="0" conditionals="0" coveredconditionals="0" statements="0" coveredstatements="0" elements="0" coveredelements="0"/>
      </file>
      <file name="/home/pedro/Code/Todos/TodosBackend/app/Providers/EventServiceProvider.php">
        <class name="EventServiceProvider" namespace="App\Providers" fullPackage="App" package="App">
          <metrics complexity="1" methods="1" coveredmethods="1" conditionals="0" coveredconditionals="0" statements="2" coveredstatements="2" elements="3" coveredelements="3"/>
        </class>
        <line num="30" type="method" name="boot" visibility="public" complexity="1" crap="1" count="14"/>
        <line num="32" type="stmt" count="14"/>
        <line num="35" type="stmt" count="14"/>
        <metrics loc="36" ncloc="20" classes="1" methods="1" coveredmethods="1" conditionals="0" coveredconditionals="0" statements="2" coveredstatements="2" elements="3" coveredelements="3"/>
      </file>
      <file name="/home/pedro/Code/Todos/TodosBackend/app/Providers/RouteServiceProvider.php">
        <class name="RouteServiceProvider" namespace="App\Providers" fullPackage="App" package="App">
          <metrics complexity="5" methods="5" coveredmethods="5" conditionals="0" coveredconditionals="0" statements="17" coveredstatements="17" elements="22" coveredelements="22"/>
        </class>
        <line num="28" type="method" name="boot" visibility="public" complexity="1" crap="1" count="14"/>
        <line num="32" type="stmt" count="14"/>
        <line num="33" type="stmt" count="14"/>
        <line num="40" type="method" name="map" visibility="public" complexity="1" crap="1" count="14"/>
        <line num="42" type="stmt" count="14"/>
        <line num="44" type="stmt" count="14"/>
        <line num="47" type="stmt" count="14"/>
        <line num="56" type="method" name="mapWebRoutes" visibility="protected" complexity="1" crap="1" count="14"/>
        <line num="58" type="stmt" count="14"/>
        <line num="59" type="stmt" count="14"/>
        <line num="60" type="stmt" count="14"/>
        <line num="62" type="stmt" count="14"/>
        <line num="63" type="stmt" count="14"/>
        <line num="64" type="stmt" count="14"/>
        <line num="73" type="method" name="mapApiRoutes" visibility="protected" complexity="1" crap="1" count="14"/>
        <line num="75" type="stmt" count="14"/>
        <line num="76" type="stmt" count="14"/>
        <line num="77" type="stmt" count="14"/>
        <line num="78" type="stmt" count="14"/>
        <line num="79" type="method" name="anonymous function" complexity="1" crap="1" count="14"/>
        <line num="80" type="stmt" count="14"/>
        <line num="81" type="stmt" count="14"/>
        <line num="82" type="stmt" count="14"/>
        <metrics loc="83" ncloc="44" classes="1" methods="5" coveredmethods="5" conditionals="0" coveredconditionals="0" statements="18" coveredstatements="18" elements="23" coveredelements="23"/>
      </file>
    </package>
    <file name="/home/pedro/Code/Todos/TodosBackend/app/Repositories/Contracts/Repository.php">
      <metrics loc="22" ncloc="13" classes="0" methods="0" coveredmethods="0" conditionals="0" coveredconditionals="0" statements="0" coveredstatements="0" elements="0" coveredelements="0"/>
    </file>
    <package name="App\Repositories">
      <file name="/home/pedro/Code/Todos/TodosBackend/app/Repositories/TaskRepository.php">
        <class name="TaskRepository" namespace="App\Repositories">
          <metrics complexity="5" methods="5" coveredmethods="4" conditionals="0" coveredconditionals="0" statements="10" coveredstatements="9" elements="15" coveredelements="13"/>
        </class>
        <line num="17" type="method" name="findOrFail" visibility="public" complexity="1" crap="1" count="7"/>
        <line num="19" type="stmt" count="7"/>
        <line num="22" type="method" name="paginate" visibility="public" complexity="1" crap="2" count="0"/>
        <line num="24" type="stmt" count="0"/>
        <line num="26" type="method" name="create" visibility="public" complexity="1" crap="1" count="1"/>
        <line num="28" type="stmt" count="1"/>
        <line num="29" type="stmt" count="1"/>
        <line num="30" type="method" name="update" visibility="public" complexity="1" crap="1" count="2"/>
        <line num="32" type="stmt" count="2"/>
        <line num="33" type="stmt" count="1"/>
        <line num="34" type="stmt" count="1"/>
        <line num="35" type="method" name="delete" visibility="public" complexity="1" crap="1" count="2"/>
        <line num="37" type="stmt" count="2"/>
        <line num="38" type="stmt" count="1"/>
        <line num="39" type="stmt" count="1"/>
        <metrics loc="39" ncloc="31" classes="1" methods="5" coveredmethods="4" conditionals="0" coveredconditionals="0" statements="10" coveredstatements="9" elements="15" coveredelements="13"/>
      </file>
      <file name="/home/pedro/Code/Todos/TodosBackend/app/Repositories/UserRepository.php">
        <class name="UserRepository" namespace="App\Repositories" fullPackage="App" package="App">
          <metrics complexity="5" methods="5" coveredmethods="0" conditionals="0" coveredconditionals="0" statements="8" coveredstatements="0" elements="13" coveredelements="0"/>
        </class>
        <line num="22" type="method" name="findOrFail" visibility="public" complexity="1" crap="2" count="0"/>
        <line num="24" type="stmt" count="0"/>
        <line num="26" type="method" name="paginate" visibility="public" complexity="1" crap="2" count="0"/>
        <line num="28" type="stmt" count="0"/>
        <line num="30" type="method" name="create" visibility="public" complexity="1" crap="2" count="0"/>
        <line num="32" type="stmt" count="0"/>
        <line num="33" type="stmt" count="0"/>
        <line num="34" type="method" name="update" visibility="public" complexity="1" crap="2" count="0"/>
        <line num="36" type="stmt" count="0"/>
        <line num="37" type="stmt" count="0"/>
        <line num="38" type="method" name="delete" visibility="public" complexity="1" crap="2" count="0"/>
        <line num="40" type="stmt" count="0"/>
        <line num="41" type="stmt" count="0"/>
        <metrics loc="41" ncloc="31" classes="1" methods="5" coveredmethods="0" conditionals="0" coveredconditionals="0" statements="8" coveredstatements="0" elements="13" coveredelements="0"/>
      </file>
    </package>
    <package name="App">
      <file name="/home/pedro/Code/Todos/TodosBackend/app/Task.php">
        <class name="Task" namespace="App" fullPackage="App" package="App">
          <metrics complexity="1" methods="1" coveredmethods="0" conditionals="0" coveredconditionals="0" statements="1" coveredstatements="0" elements="2" coveredelements="0"/>
        </class>
        <line num="19" type="method" name="user" visibility="public" complexity="1" crap="2" count="0"/>
        <line num="21" type="stmt" count="0"/>
        <metrics loc="23" ncloc="14" classes="1" methods="1" coveredmethods="0" conditionals="0" coveredconditionals="0" statements="1" coveredstatements="0" elements="2" coveredelements="0"/>
      </file>
      <file name="/home/pedro/Code/Todos/TodosBackend/app/User.php">
        <class name="User" namespace="App" fullPackage="App" package="App">
          <metrics complexity="1" methods="1" coveredmethods="0" conditionals="0" coveredconditionals="0" statements="1" coveredstatements="0" elements="2" coveredelements="0"/>
        </class>
        <line num="39" type="method" name="tasks" visibility="public" complexity="1" crap="2" count="0"/>
        <line num="41" type="stmt" count="0"/>
        <metrics loc="43" ncloc="26" classes="1" methods="1" coveredmethods="0" conditionals="0" coveredconditionals="0" statements="1" coveredstatements="0" elements="2" coveredelements="0"/>
      </file>
    </package>
    <file name="/home/pedro/Code/Todos/TodosBackend/app/Transformers/Contracts/Transformer.php">
      <metrics loc="24" ncloc="12" classes="0" methods="0" coveredmethods="0" conditionals="0" coveredconditionals="0" statements="0" coveredstatements="0" elements="0" coveredelements="0"/>
    </file>
    <package name="App\Transformers">
      <file name="/home/pedro/Code/Todos/TodosBackend/app/Transformers/TaskTransformer.php">
        <class name="TaskTransformer" namespace="App\Transformers" fullPackage="App" package="App">
          <metrics complexity="2" methods="1" coveredmethods="0" conditionals="0" coveredconditionals="0" statements="7" coveredstatements="6" elements="8" coveredelements="6"/>
        </class>
        <line num="18" type="method" name="transform" visibility="public" complexity="2" crap="2.01" count="3"/>
        <line num="21" type="stmt" count="3"/>
        <line num="22" type="stmt" count="0"/>
        <line num="26" type="stmt" count="3"/>
        <line num="27" type="stmt" count="3"/>
        <line num="28" type="stmt" count="3"/>
        <line num="29" type="stmt" count="3"/>
        <line num="30" type="stmt" count="3"/>
        <metrics loc="34" ncloc="24" classes="1" methods="1" coveredmethods="0" conditionals="0" coveredconditionals="0" statements="7" coveredstatements="6" elements="8" coveredelements="6"/>
      </file>
      <file name="/home/pedro/Code/Todos/TodosBackend/app/Transformers/Transformer.php">
        <class name="Transformer" namespace="App\Transformers" fullPackage="App" package="App">
          <metrics complexity="2" methods="1" coveredmethods="1" conditionals="0" coveredconditionals="0" statements="2" coveredstatements="2" elements="3" coveredelements="3"/>
        </class>
        <line num="18" type="method" name="anonymous function" complexity="1" crap="1" count="1"/>
        <line num="19" type="stmt" count="1"/>
        <line num="20" type="stmt" count="1"/>
        <metrics loc="22" ncloc="14" classes="1" methods="1" coveredmethods="1" conditionals="0" coveredconditionals="0" statements="2" coveredstatements="2" elements="3" coveredelements="3"/>
      </file>
      <file name="/home/pedro/Code/Todos/TodosBackend/app/Transformers/UserTransformer.php">
        <class name="UserTransformer" namespace="App\Transformers" fullPackage="App" package="App">
          <metrics complexity="2" methods="0" coveredmethods="0" conditionals="0" coveredconditionals="0" statements="0" coveredstatements="0" elements="0" coveredelements="0"/>
        </class>
        <metrics loc="29" ncloc="19" classes="0" methods="0" coveredmethods="0" conditionals="0" coveredconditionals="0" statements="0" coveredstatements="0" elements="0" coveredelements="0"/>
      </file>
    </package>
    <metrics files="34" loc="1824" ncloc="968" classes="23" methods="60" coveredmethods="28" conditionals="0" coveredconditionals="0" statements="170" coveredstatements="102" elements="230" coveredelements="130"/>
  </project>
</coverage>
