<?xml version="1.0" encoding="UTF-8"?>
<testsuites>
  <testsuite name="TodosBackend Test Suite" tests="14" assertions="59" failures="2" errors="0" time="6.411971">
    <testsuite name="TasksApiTest" file="/home/pedro/Code/Todos/TodosBackend/tests/TaskApiTest.php" tests="12" assertions="57" failures="0" errors="0" time="5.465015">
      <testcase name="testRetrieveAllTasks" class="TasksApiTest" file="/home/pedro/Code/Todos/TodosBackend/tests/TaskApiTest.php" line="105" assertions="30" time="0.726262"/>
      <testcase name="testRetrieveOneTask" class="TasksApiTest" file="/home/pedro/Code/Todos/TodosBackend/tests/TaskApiTest.php" line="141" assertions="6" time="0.482323"/>
      <testcase name="testCreateNewTask" class="TasksApiTest" file="/home/pedro/Code/Todos/TodosBackend/tests/TaskApiTest.php" line="165" assertions="3" time="0.472211"/>
      <testcase name="testUpdateExistingTask" class="TasksApiTest" file="/home/pedro/Code/Todos/TodosBackend/tests/TaskApiTest.php" line="185" assertions="3" time="0.454366"/>
      <testcase name="testDeleteExistingTask" class="TasksApiTest" file="/home/pedro/Code/Todos/TodosBackend/tests/TaskApiTest.php" line="206" assertions="3" time="0.533569"/>
      <testcase name="testGetNotExistingTask" class="TasksApiTest" file="/home/pedro/Code/Todos/TodosBackend/tests/TaskApiTest.php" line="238" assertions="3" time="0.503046"/>
      <testcase name="testUpdateNotExistingTask" class="TasksApiTest" file="/home/pedro/Code/Todos/TodosBackend/tests/TaskApiTest.php" line="249" assertions="3" time="0.447019"/>
      <testcase name="testDeleteNotExistingTask" class="TasksApiTest" file="/home/pedro/Code/Todos/TodosBackend/tests/TaskApiTest.php" line="260" assertions="3" time="0.461340"/>
      <testcase name="testPagination" class="TasksApiTest" file="/home/pedro/Code/Todos/TodosBackend/tests/TaskApiTest.php" line="269" assertions="1" time="0.322838"/>
      <testcase name="testNameIsRequiredAndDefaultValues" class="TasksApiTest" file="/home/pedro/Code/Todos/TodosBackend/tests/TaskApiTest.php" line="281" assertions="1" time="0.316073"/>
      <testcase name="testPriorityHasToBeAnInteger" class="TasksApiTest" file="/home/pedro/Code/Todos/TodosBackend/tests/TaskApiTest.php" line="291" assertions="1" time="0.431156"/>
      <testcase name="testDoneHasToBeBoolean" class="TasksApiTest" file="/home/pedro/Code/Todos/TodosBackend/tests/TaskApiTest.php" line="304" assertions="0" time="0.314812"/>
    </testsuite>
    <testsuite name="TaskControllerTest" file="/home/pedro/Code/Todos/TodosBackend/tests/TaskControllerTest.php" tests="2" assertions="2" failures="2" errors="0" time="0.946956">
      <testcase name="testAuthorizedIndex" class="TaskControllerTest" file="/home/pedro/Code/Todos/TodosBackend/tests/TaskControllerTest.php" line="19" assertions="1" time="0.452001">
        <failure type="PHPUnit_Framework_ExpectationFailedException">TaskControllerTest::testAuthorizedIndex
Expected status code 200, got 404.
Failed asserting that false is true.

/home/pedro/Code/Todos/TodosBackend/vendor/laravel/framework/src/Illuminate/Foundation/Testing/Concerns/MakesHttpRequests.php:729
/home/pedro/Code/Todos/TodosBackend/tests/TaskControllerTest.php:26
/home/pedro/.composer/vendor/phpunit/phpunit/src/TextUI/Command.php:188
/home/pedro/.composer/vendor/phpunit/phpunit/src/TextUI/Command.php:118
</failure>
      </testcase>
      <testcase name="testNotAuthorizedIndex" class="TaskControllerTest" file="/home/pedro/Code/Todos/TodosBackend/tests/TaskControllerTest.php" line="29" assertions="1" time="0.494955">
        <failure type="PHPUnit_Framework_ExpectationFailedException">TaskControllerTest::testNotAuthorizedIndex
Expected status code 403, got 404.
Failed asserting that 404 matches expected 403.

/home/pedro/Code/Todos/TodosBackend/vendor/laravel/framework/src/Illuminate/Foundation/Testing/Concerns/MakesHttpRequests.php:744
/home/pedro/Code/Todos/TodosBackend/tests/TaskControllerTest.php:33
/home/pedro/.composer/vendor/phpunit/phpunit/src/TextUI/Command.php:188
/home/pedro/.composer/vendor/phpunit/phpunit/src/TextUI/Command.php:118
</failure>
      </testcase>
    </testsuite>
  </testsuite>
</testsuites>
