<?xml version="1.0" encoding="UTF-8"?>
<testsuites>
  <testsuite name="TaskControllerTest" file="/home/pedro/Code/Todos/TodosBackend/tests/TaskControllerTest.php" tests="2" assertions="2" failures="2" errors="0" time="0.982025">
    <testcase name="testAuthorizedIndex" class="TaskControllerTest" file="/home/pedro/Code/Todos/TodosBackend/tests/TaskControllerTest.php" line="19" assertions="1" time="0.534640">
      <failure type="PHPUnit_Framework_ExpectationFailedException">TaskControllerTest::testAuthorizedIndex
Expected status code 200, got 404.
Failed asserting that false is true.

/home/pedro/Code/Todos/TodosBackend/vendor/laravel/framework/src/Illuminate/Foundation/Testing/Concerns/MakesHttpRequests.php:729
/home/pedro/Code/Todos/TodosBackend/tests/TaskControllerTest.php:26
/home/pedro/.composer/vendor/phpunit/phpunit/src/TextUI/Command.php:185
/home/pedro/.composer/vendor/phpunit/phpunit/src/TextUI/Command.php:115
</failure>
    </testcase>
    <testcase name="testNotAuthorizedIndex" class="TaskControllerTest" file="/home/pedro/Code/Todos/TodosBackend/tests/TaskControllerTest.php" line="29" assertions="1" time="0.447385">
      <failure type="PHPUnit_Framework_ExpectationFailedException">TaskControllerTest::testNotAuthorizedIndex
Expected status code 403, got 404.
Failed asserting that 404 matches expected 403.

/home/pedro/Code/Todos/TodosBackend/vendor/laravel/framework/src/Illuminate/Foundation/Testing/Concerns/MakesHttpRequests.php:744
/home/pedro/Code/Todos/TodosBackend/tests/TaskControllerTest.php:33
/home/pedro/.composer/vendor/phpunit/phpunit/src/TextUI/Command.php:185
/home/pedro/.composer/vendor/phpunit/phpunit/src/TextUI/Command.php:115
</failure>
    </testcase>
  </testsuite>
</testsuites>
