<?xml version="1.0" encoding="UTF-8"?>
<testsuites>
  <testsuite name="TodosBackend Test Suite" tests="12" assertions="57" failures="0" errors="0" time="6.470441">
    <testsuite name="TasksApiTest" file="/home/pedro/Code/Todos/TodosBackend/tests/TaskApiTest.php" tests="12" assertions="57" failures="0" errors="0" time="6.470441">
      <testcase name="testRetrieveAllTasks" class="TasksApiTest" file="/home/pedro/Code/Todos/TodosBackend/tests/TaskApiTest.php" line="105" assertions="30" time="0.503555"/>
      <testcase name="testRetrieveOneTask" class="TasksApiTest" file="/home/pedro/Code/Todos/TodosBackend/tests/TaskApiTest.php" line="141" assertions="6" time="0.414744"/>
      <testcase name="testCreateNewTask" class="TasksApiTest" file="/home/pedro/Code/Todos/TodosBackend/tests/TaskApiTest.php" line="165" assertions="3" time="0.468779"/>
      <testcase name="testUpdateExistingTask" class="TasksApiTest" file="/home/pedro/Code/Todos/TodosBackend/tests/TaskApiTest.php" line="185" assertions="3" time="0.568654"/>
      <testcase name="testDeleteExistingTask" class="TasksApiTest" file="/home/pedro/Code/Todos/TodosBackend/tests/TaskApiTest.php" line="206" assertions="3" time="0.522444"/>
      <testcase name="testGetNotExistingTask" class="TasksApiTest" file="/home/pedro/Code/Todos/TodosBackend/tests/TaskApiTest.php" line="238" assertions="3" time="0.511155"/>
      <testcase name="testUpdateNotExistingTask" class="TasksApiTest" file="/home/pedro/Code/Todos/TodosBackend/tests/TaskApiTest.php" line="249" assertions="3" time="0.572360"/>
      <testcase name="testDeleteNotExistingTask" class="TasksApiTest" file="/home/pedro/Code/Todos/TodosBackend/tests/TaskApiTest.php" line="260" assertions="3" time="0.611887"/>
      <testcase name="testPagination" class="TasksApiTest" file="/home/pedro/Code/Todos/TodosBackend/tests/TaskApiTest.php" line="269" assertions="1" time="0.509652"/>
      <testcase name="testNameIsRequiredAndDefaultValues" class="TasksApiTest" file="/home/pedro/Code/Todos/TodosBackend/tests/TaskApiTest.php" line="281" assertions="1" time="0.533896"/>
      <testcase name="testPriorityHasToBeAnInteger" class="TasksApiTest" file="/home/pedro/Code/Todos/TodosBackend/tests/TaskApiTest.php" line="291" assertions="1" time="0.669587"/>
      <testcase name="testDoneHasToBeBoolean" class="TasksApiTest" file="/home/pedro/Code/Todos/TodosBackend/tests/TaskApiTest.php" line="304" assertions="0" time="0.583728"/>
    </testsuite>
  </testsuite>
</testsuites>
