<?xml version="1.0" encoding="UTF-8"?>
<testsuites>
  <testsuite name="TodosBackend Test Suite" tests="12" assertions="57" failures="0" errors="0" time="6.449903">
    <testsuite name="TasksApiTest" file="/home/pedro/Code/Todos/TodosBackend/tests/TaskApiTest.php" tests="12" assertions="57" failures="0" errors="0" time="6.449903">
      <testcase name="testRetrieveAllTasks" class="TasksApiTest" file="/home/pedro/Code/Todos/TodosBackend/tests/TaskApiTest.php" line="105" assertions="30" time="0.523570"/>
      <testcase name="testRetrieveOneTask" class="TasksApiTest" file="/home/pedro/Code/Todos/TodosBackend/tests/TaskApiTest.php" line="141" assertions="6" time="0.404680"/>
      <testcase name="testCreateNewTask" class="TasksApiTest" file="/home/pedro/Code/Todos/TodosBackend/tests/TaskApiTest.php" line="165" assertions="3" time="0.455966"/>
      <testcase name="testUpdateExistingTask" class="TasksApiTest" file="/home/pedro/Code/Todos/TodosBackend/tests/TaskApiTest.php" line="185" assertions="3" time="0.511967"/>
      <testcase name="testDeleteExistingTask" class="TasksApiTest" file="/home/pedro/Code/Todos/TodosBackend/tests/TaskApiTest.php" line="206" assertions="3" time="0.542215"/>
      <testcase name="testGetNotExistingTask" class="TasksApiTest" file="/home/pedro/Code/Todos/TodosBackend/tests/TaskApiTest.php" line="238" assertions="3" time="0.530224"/>
      <testcase name="testUpdateNotExistingTask" class="TasksApiTest" file="/home/pedro/Code/Todos/TodosBackend/tests/TaskApiTest.php" line="249" assertions="3" time="0.564248"/>
      <testcase name="testDeleteNotExistingTask" class="TasksApiTest" file="/home/pedro/Code/Todos/TodosBackend/tests/TaskApiTest.php" line="260" assertions="3" time="0.584988"/>
      <testcase name="testPagination" class="TasksApiTest" file="/home/pedro/Code/Todos/TodosBackend/tests/TaskApiTest.php" line="269" assertions="1" time="0.497558"/>
      <testcase name="testNameIsRequiredAndDefaultValues" class="TasksApiTest" file="/home/pedro/Code/Todos/TodosBackend/tests/TaskApiTest.php" line="281" assertions="1" time="0.537486"/>
      <testcase name="testPriorityHasToBeAnInteger" class="TasksApiTest" file="/home/pedro/Code/Todos/TodosBackend/tests/TaskApiTest.php" line="291" assertions="1" time="0.700142"/>
      <testcase name="testDoneHasToBeBoolean" class="TasksApiTest" file="/home/pedro/Code/Todos/TodosBackend/tests/TaskApiTest.php" line="304" assertions="0" time="0.596859"/>
    </testsuite>
  </testsuite>
</testsuites>
